INFO  2016-05-07 15:56:13,599 (Saros.java:220) Starting Saros 14.10.31 running:
  Java Version: 1.8.0_91
  Java Vendor: Oracle Corporation
  Eclipse Runtime Version: 3.11.1.v20150903-1804
  Operating System: Windows 10 (10.0)
  Hardware Architecture: amd64
INFO  2016-05-07 15:56:13,626 (SarosContext.java:153) creating Saros runtime context...
DEBUG 2016-05-07 15:56:13,684 (XMPPAccountStore.java:117) loading accounts from file: C:\Users\Alexander\.saros\config.dat
DEBUG 2016-05-07 15:56:14,143 (XMPPAccountStore.java:176) loaded 2 account(s)
INFO  2016-05-07 15:56:14,320 (SarosContext.java:199) successfully created Saros runtime context
DEBUG 2016-05-07 15:56:14,358 (DataTransferManager.java:467) used transport order for the current XMPP connection: [XMPP-Socks5-Transport, XMPP-IBB-Transport]
INFO  2016-05-07 15:56:14,381 (PreferenceInitializer.java:50) initializing preference default values
DEBUG 2016-05-07 15:56:14,459 (SarosAnnotation.java:117) resetting annotation colors
DEBUG 2016-05-07 15:56:14,469 (Saros.java:264) autogenerated favorite color id is: 1
DEBUG 2016-05-07 15:56:14,470 (Saros.java:430) skipping conversion of old XMPP accounts, because there are already new ones
DEBUG 2016-05-07 15:56:19,873 (SharedDocumentProvider.java:77) SharedDocumentProvider created by Eclipse
DEBUG 2016-05-07 15:56:22,672 (WhiteboardManager.java:194) WhiteboardManager instantiated
DEBUG 2016-05-07 15:56:22,685 (DocumentRecord.java:93) Added Node: attr(146262938268337348) name=svg
DEBUG 2016-05-07 15:56:22,769 (XMPPConnectionService.java:439) started Socks5 proxy on port: 7777 [listening on all interfaces]
DEBUG 2016-05-07 15:56:22,792 (XMPPConnectionService.java:459) using autodetected addresses: [192.168.0.112, fe80:0:0:0:70c2:92e4:a811:a37b%eth1]
DEBUG 2016-05-07 15:56:22,805 (XMPPConnectionService.java:398)  new connection state == CONNECTING
DEBUG 2016-05-07 15:56:23,842 (XMPPConnectionService.java:398) s153402@saros-con.imp.fu-berlin.de/Saros new connection state == CONNECTED
DEBUG 2016-05-07 15:56:23,842 (DataTransferManager.java:467) used transport order for the current XMPP connection: [XMPP-Socks5-Transport, XMPP-IBB-Transport]
DEBUG 2016-05-07 15:56:23,975 (SkypeManager.java:289) Refreshing Skype username cache...
WARN  2016-05-07 15:56:33,105 (StunServiceImpl.java:420) received no response from STUN server stunserver.org/69.172.201.153:3478 at local address /192.168.0.112:0
DEBUG 2016-05-07 17:39:32,115 (DiscoveryManager.java:382) Inserted DiscoveryInfo into Cache for: s153762@saros-con.imp.fu-berlin.de/Saros
DEBUG 2016-05-08 01:49:35,122 (DiscoveryManager.java:98) clearing cache entry of contact s153762@saros-con.imp.fu-berlin.de/Saros: <query xmlns="http://jabber.org/protocol/disco#info"><identity category="client" name="Smack" type="pc"/><feature var="http://jabber.org/protocol/disco#items"/><feature var="urn:xmpp:ping"/><feature var="jabber:iq:last"/><feature var="http://jabber.org/protocol/commands"/><feature var="http://jabber.org/protocol/muc"/><feature var="http://jabber.org/protocol/bytestreams"/><feature var="http://jabber.org/protocol/xhtml-im"/><feature var="de.fu_berlin.inf.dpp"/><feature var="http://jabber.org/protocol/chatstates"/><feature var="http://jabber.org/protocol/disco#info"/></query>
ERROR 2016-05-08 01:49:35,785 (XMPPConnectionService.java:101) XMPP connection error: 
java.net.SocketException: Software caused connection abort: recv failed
	at java.net.SocketInputStream.socketRead0(Native Method)
	at java.net.SocketInputStream.socketRead(Unknown Source)
	at java.net.SocketInputStream.read(Unknown Source)
	at java.net.SocketInputStream.read(Unknown Source)
	at sun.security.ssl.InputRecord.readFully(Unknown Source)
	at sun.security.ssl.InputRecord.read(Unknown Source)
	at sun.security.ssl.SSLSocketImpl.readRecord(Unknown Source)
	at sun.security.ssl.SSLSocketImpl.readDataRecord(Unknown Source)
	at sun.security.ssl.AppInputStream.read(Unknown Source)
	at sun.nio.cs.StreamDecoder.readBytes(Unknown Source)
	at sun.nio.cs.StreamDecoder.implRead(Unknown Source)
	at sun.nio.cs.StreamDecoder.read(Unknown Source)
	at java.io.InputStreamReader.read(Unknown Source)
	at java.io.BufferedReader.fill(Unknown Source)
	at java.io.BufferedReader.read1(Unknown Source)
	at java.io.BufferedReader.read(Unknown Source)
	at org.xmlpull.mxp1.MXParser.fillBuf(MXParser.java:2992)
	at org.xmlpull.mxp1.MXParser.more(MXParser.java:3046)
	at org.xmlpull.mxp1.MXParser.nextImpl(MXParser.java:1144)
	at org.xmlpull.mxp1.MXParser.next(MXParser.java:1093)
	at org.jivesoftware.smack.PacketReader.parsePackets(PacketReader.java:312)
	at org.jivesoftware.smack.PacketReader.access$000(PacketReader.java:48)
	at org.jivesoftware.smack.PacketReader$1.run(PacketReader.java:76)
ERROR 2016-05-08 01:49:42,128 (XMPPConnectionService.java:400)  new connection state == ERROR
java.net.SocketException: Software caused connection abort: recv failed
	at java.net.SocketInputStream.socketRead0(Native Method)
	at java.net.SocketInputStream.socketRead(Unknown Source)
	at java.net.SocketInputStream.read(Unknown Source)
	at java.net.SocketInputStream.read(Unknown Source)
	at sun.security.ssl.InputRecord.readFully(Unknown Source)
	at sun.security.ssl.InputRecord.read(Unknown Source)
	at sun.security.ssl.SSLSocketImpl.readRecord(Unknown Source)
	at sun.security.ssl.SSLSocketImpl.readDataRecord(Unknown Source)
	at sun.security.ssl.AppInputStream.read(Unknown Source)
	at sun.nio.cs.StreamDecoder.readBytes(Unknown Source)
	at sun.nio.cs.StreamDecoder.implRead(Unknown Source)
	at sun.nio.cs.StreamDecoder.read(Unknown Source)
	at java.io.InputStreamReader.read(Unknown Source)
	at java.io.BufferedReader.fill(Unknown Source)
	at java.io.BufferedReader.read1(Unknown Source)
	at java.io.BufferedReader.read(Unknown Source)
	at org.xmlpull.mxp1.MXParser.fillBuf(MXParser.java:2992)
	at org.xmlpull.mxp1.MXParser.more(MXParser.java:3046)
	at org.xmlpull.mxp1.MXParser.nextImpl(MXParser.java:1144)
	at org.xmlpull.mxp1.MXParser.next(MXParser.java:1093)
	at org.jivesoftware.smack.PacketReader.parsePackets(PacketReader.java:312)
	at org.jivesoftware.smack.PacketReader.access$000(PacketReader.java:48)
	at org.jivesoftware.smack.PacketReader$1.run(PacketReader.java:76)
DEBUG 2016-05-08 01:49:42,447 (XMPPConnectionService.java:398)  new connection state == NOT_CONNECTED
