INFO  2016-05-07 13:27:01,794 (Saros.java:220) Starting Saros 14.10.31 running:
  Java Version: 1.8.0_91
  Java Vendor: Oracle Corporation
  Eclipse Runtime Version: 3.11.1.v20150903-1804
  Operating System: Windows 10 (10.0)
  Hardware Architecture: amd64
INFO  2016-05-07 13:27:01,828 (SarosContext.java:153) creating Saros runtime context...
DEBUG 2016-05-07 13:27:01,868 (XMPPAccountStore.java:117) loading accounts from file: C:\Users\Alexander\.saros\config.dat
DEBUG 2016-05-07 13:27:02,057 (XMPPAccountStore.java:176) loaded 2 account(s)
INFO  2016-05-07 13:27:02,212 (SarosContext.java:199) successfully created Saros runtime context
DEBUG 2016-05-07 13:27:02,231 (DataTransferManager.java:467) used transport order for the current XMPP connection: [XMPP-Socks5-Transport, XMPP-IBB-Transport]
INFO  2016-05-07 13:27:02,252 (PreferenceInitializer.java:50) initializing preference default values
DEBUG 2016-05-07 13:27:02,291 (SarosAnnotation.java:117) resetting annotation colors
DEBUG 2016-05-07 13:27:02,308 (Saros.java:264) autogenerated favorite color id is: 4
DEBUG 2016-05-07 13:27:02,308 (Saros.java:430) skipping conversion of old XMPP accounts, because there are already new ones
DEBUG 2016-05-07 13:27:13,938 (WhiteboardManager.java:194) WhiteboardManager instantiated
DEBUG 2016-05-07 13:27:13,951 (DocumentRecord.java:93) Added Node: attr(14626204339483933) name=svg
DEBUG 2016-05-07 13:27:14,023 (XMPPConnectionService.java:439) started Socks5 proxy on port: 7777 [listening on all interfaces]
DEBUG 2016-05-07 13:27:14,041 (XMPPConnectionService.java:459) using autodetected addresses: [192.168.0.112, fe80:0:0:0:70c2:92e4:a811:a37b%eth1]
DEBUG 2016-05-07 13:27:14,049 (XMPPConnectionService.java:398)  new connection state == CONNECTING
DEBUG 2016-05-07 13:27:14,594 (XMPPConnectionService.java:398) s153402@saros-con.imp.fu-berlin.de/Saros new connection state == CONNECTED
DEBUG 2016-05-07 13:27:14,595 (DataTransferManager.java:467) used transport order for the current XMPP connection: [XMPP-Socks5-Transport, XMPP-IBB-Transport]
DEBUG 2016-05-07 13:27:14,596 (SkypeManager.java:289) Refreshing Skype username cache...
WARN  2016-05-07 13:27:24,074 (StunServiceImpl.java:420) received no response from STUN server stunserver.org/69.172.201.153:3478 at local address /192.168.0.112:0
DEBUG 2016-05-07 13:27:43,666 (SharedDocumentProvider.java:77) SharedDocumentProvider created by Eclipse
