WARN  2016-05-08 23:26:38,232 (StunServiceImpl.java:420) received no response from STUN server stunserver.org/69.172.201.153:3478 at local address /172.20.10.2:0
WARN  2016-05-08 23:26:38,236 (StunServiceImpl.java:420) received no response from STUN server stunserver.org/69.172.201.153:3478 at local address /192.168.0.112:0
WARN  2016-05-08 23:26:52,935 (Socks5Transport.java:544) [SOCKS5Transport] could not establish a connection to s153762@saros-con.imp.fu-berlin.de/Saros, remote side could not connect to any offered stream hosts: item-not-found(404) Could not establish socket with any provided host
ERROR 2016-05-08 23:27:05,135 (ByteStreamTransport.java:105) could not establish bytestream connection to s153762@saros-con.imp.fu-berlin.de/Saros
Could not establish socket with any provided host: item-not-found(404) Could not establish socket with any provided host
	at org.jivesoftware.smackx.bytestreams.socks5.Socks5BytestreamRequest.cancelRequest(Socks5BytestreamRequest.java:277)
	at org.jivesoftware.smackx.bytestreams.socks5.Socks5BytestreamRequest.accept(Socks5BytestreamRequest.java:247)
	at org.jivesoftware.smackx.bytestreams.socks5.Socks5BytestreamRequest.accept(Socks5BytestreamRequest.java:34)
	at de.fu_berlin.inf.dpp.net.internal.Socks5Transport.handleResponse(Socks5Transport.java:315)
	at de.fu_berlin.inf.dpp.net.internal.Socks5Transport.acceptRequest(Socks5Transport.java:471)
	at de.fu_berlin.inf.dpp.net.internal.ByteStreamTransport$1.incomingBytestreamRequest(ByteStreamTransport.java:77)
	at org.jivesoftware.smackx.bytestreams.socks5.InitiationListener.processRequest(InitiationListener.java:91)
	at org.jivesoftware.smackx.bytestreams.socks5.InitiationListener.access$000(InitiationListener.java:37)
	at org.jivesoftware.smackx.bytestreams.socks5.InitiationListener$1.run(InitiationListener.java:63)
	at java.util.concurrent.ThreadPoolExecutor.runWorker(Unknown Source)
	at java.util.concurrent.ThreadPoolExecutor$Worker.run(Unknown Source)
	at java.lang.Thread.run(Unknown Source)
WARN  2016-05-08 23:27:22,941 (DataTransferManager.java:415) failed to connect to s153762@saros-con.imp.fu-berlin.de/Saros using transport: XMPP-Socks5-Transport
java.io.IOException: [SOCKS5Transport] waiting for a response session timed out (30000ms) and could not establish a connection from this side, too:
	at de.fu_berlin.inf.dpp.net.internal.Socks5Transport.establishBinaryChannel(Socks5Transport.java:592)
	at de.fu_berlin.inf.dpp.net.internal.ByteStreamTransport.connect(ByteStreamTransport.java:48)
	at de.fu_berlin.inf.dpp.net.internal.DataTransferManager.connectInternal(DataTransferManager.java:412)
	at de.fu_berlin.inf.dpp.net.internal.DataTransferManager.connect(DataTransferManager.java:297)
	at de.fu_berlin.inf.dpp.negotiation.IncomingSessionNegotiation.accept(IncomingSessionNegotiation.java:167)
	at de.fu_berlin.inf.dpp.ui.wizards.JoinSessionWizard$2.run(JoinSessionWizard.java:128)
	at org.eclipse.jface.operation.ModalContext$ModalContextThread.run(ModalContext.java:119)
Caused by: item-not-found(404) Could not establish socket with any provided host
	at org.jivesoftware.smack.util.SyncPacketSend.getReply(SyncPacketSend.java:54)
	at org.jivesoftware.smackx.bytestreams.socks5.Socks5BytestreamManager.establishSession(Socks5BytestreamManager.java:481)
	at org.jivesoftware.smackx.bytestreams.socks5.Socks5BytestreamManager.establishSession(Socks5BytestreamManager.java:83)
	at de.fu_berlin.inf.dpp.net.internal.Socks5Transport.establishBinaryChannel(Socks5Transport.java:512)
	... 6 more
WARN  2016-05-08 23:27:23,685 (SubscriptionHandler.java:148) received error presence package from saros_1086193467@conference.saros-con.imp.fu-berlin.de/s153402@saros-con.imp.fu-berlin.de/Saros, condition: not-authorized, message: A password is required to enter this room
WARN  2016-05-09 01:03:39,543 (TextEditActivity.java:174) NoOp Text edit: new '' old ''
WARN  2016-05-09 01:04:54,490 (TextEditActivity.java:174) NoOp Text edit: new '' old ''
WARN  2016-05-09 01:04:56,437 (TextEditActivity.java:174) NoOp Text edit: new '' old ''
WARN  2016-05-09 01:04:58,612 (TextEditActivity.java:174) NoOp Text edit: new '' old ''
WARN  2016-05-09 01:05:01,372 (TextEditActivity.java:174) NoOp Text edit: new '' old ''
WARN  2016-05-09 01:06:25,771 (TextEditActivity.java:174) NoOp Text edit: new '' old ''
WARN  2016-05-09 01:06:25,782 (TextEditActivity.java:174) NoOp Text edit: new '' old ''
WARN  2016-05-09 01:06:25,889 (TextEditActivity.java:174) NoOp Text edit: new '' old ''
WARN  2016-05-09 01:06:25,897 (TextEditActivity.java:174) NoOp Text edit: new '' old ''
WARN  2016-05-09 01:06:26,058 (TextEditActivity.java:174) NoOp Text edit: new '' old ''
WARN  2016-05-09 01:06:26,066 (TextEditActivity.java:174) NoOp Text edit: new '' old ''
WARN  2016-05-09 01:06:26,247 (TextEditActivity.java:174) NoOp Text edit: new '' old ''
WARN  2016-05-09 01:06:26,259 (TextEditActivity.java:174) NoOp Text edit: new '' old ''
WARN  2016-05-09 01:06:29,108 (TextEditActivity.java:174) NoOp Text edit: new '' old ''
WARN  2016-05-09 01:06:29,117 (TextEditActivity.java:174) NoOp Text edit: new '' old ''
ERROR 2016-05-09 01:25:06,607 (BinaryChannelConnection.java:176) failed to gracefully close connection [mode=IBB, id=saros-main-session] s153762@saros-con.imp.fu-berlin.de/Saros
java.io.IOException: Error while closing stream: item-not-found(404)
	at org.jivesoftware.smackx.bytestreams.ibb.InBandBytestreamSession.closeByLocal(InBandBytestreamSession.java:213)
	at org.jivesoftware.smackx.bytestreams.ibb.InBandBytestreamSession.close(InBandBytestreamSession.java:153)
	at de.fu_berlin.inf.dpp.net.internal.XMPPByteStreamAdapter.close(XMPPByteStreamAdapter.java:32)
	at de.fu_berlin.inf.dpp.net.internal.BinaryChannelConnection.close(BinaryChannelConnection.java:174)
	at de.fu_berlin.inf.dpp.net.internal.BinaryChannelConnection$ReceiverThread.run(BinaryChannelConnection.java:119)
ERROR 2016-05-09 01:25:31,893 (ActivitySequencer.java:504) failed to sent activities: [EditorActivity(type: CLOSED, path: SPath [path=src/code/Activity.java, project=Softwarehuset2])]
java.io.IOException: not connected to s153762@saros-con.imp.fu-berlin.de/Saros [connection identifier=saros-main-session]
	at de.fu_berlin.inf.dpp.net.internal.DataTransferManager.sendData(DataTransferManager.java:206)
	at de.fu_berlin.inf.dpp.net.internal.XMPPTransmitter.send(XMPPTransmitter.java:90)
	at de.fu_berlin.inf.dpp.project.internal.ActivitySequencer.sendActivities(ActivitySequencer.java:501)
	at de.fu_berlin.inf.dpp.project.internal.ActivitySequencer.access$3(ActivitySequencer.java:482)
	at de.fu_berlin.inf.dpp.project.internal.ActivitySequencer$2.run(ActivitySequencer.java:152)
	at de.fu_berlin.inf.dpp.util.ThreadUtils$1.run(ThreadUtils.java:38)
	at java.lang.Thread.run(Unknown Source)
WARN  2016-05-09 01:25:31,973 (SarosSession.java:655) failed to notify user s153762@saros-con.imp.fu-berlin.de/Saros about local session stop
java.io.IOException: not connected to s153762@saros-con.imp.fu-berlin.de/Saros [connection identifier=saros-main-session]
	at de.fu_berlin.inf.dpp.net.internal.DataTransferManager.sendData(DataTransferManager.java:206)
	at de.fu_berlin.inf.dpp.net.internal.XMPPTransmitter.send(XMPPTransmitter.java:90)
	at de.fu_berlin.inf.dpp.project.internal.SarosSession.stop(SarosSession.java:651)
	at de.fu_berlin.inf.dpp.project.SarosSessionManager.stopSarosSession(SarosSessionManager.java:340)
	at de.fu_berlin.inf.dpp.project.internal.timeout.SessionTimeoutHandler$3.run(SessionTimeoutHandler.java:115)
	at de.fu_berlin.inf.dpp.util.ThreadUtils$1.run(ThreadUtils.java:38)
	at java.lang.Thread.run(Unknown Source)
WARN  2016-05-09 01:25:32,079 (SubscriptionHandler.java:148) received error presence package from saros_1086193467@conference.saros-con.imp.fu-berlin.de/s153402@saros-con.imp.fu-berlin.de/Saros, condition: item-not-found, message: Conference room does not exist
