WARN  2016-05-08 22:47:33,351 (StunServiceImpl.java:420) received no response from STUN server stunserver.org/69.172.201.153:3478 at local address /192.168.0.112:0
WARN  2016-05-08 22:47:33,351 (StunServiceImpl.java:420) received no response from STUN server stunserver.org/69.172.201.153:3478 at local address /172.20.10.2:0
WARN  2016-05-08 22:47:43,025 (Socks5Transport.java:544) [SOCKS5Transport] could not establish a connection to s153762@saros-con.imp.fu-berlin.de/Saros, remote side could not connect to any offered stream hosts: item-not-found(404) Could not establish socket with any provided host
ERROR 2016-05-08 22:47:51,186 (ByteStreamTransport.java:105) could not establish bytestream connection to s153762@saros-con.imp.fu-berlin.de/Saros
Could not establish socket with any provided host: item-not-found(404) Could not establish socket with any provided host
	at org.jivesoftware.smackx.bytestreams.socks5.Socks5BytestreamRequest.cancelRequest(Socks5BytestreamRequest.java:277)
	at org.jivesoftware.smackx.bytestreams.socks5.Socks5BytestreamRequest.accept(Socks5BytestreamRequest.java:247)
	at org.jivesoftware.smackx.bytestreams.socks5.Socks5BytestreamRequest.accept(Socks5BytestreamRequest.java:34)
	at de.fu_berlin.inf.dpp.net.internal.Socks5Transport.handleResponse(Socks5Transport.java:315)
	at de.fu_berlin.inf.dpp.net.internal.Socks5Transport.acceptRequest(Socks5Transport.java:471)
	at de.fu_berlin.inf.dpp.net.internal.ByteStreamTransport$1.incomingBytestreamRequest(ByteStreamTransport.java:77)
	at org.jivesoftware.smackx.bytestreams.socks5.InitiationListener.processRequest(InitiationListener.java:91)
	at org.jivesoftware.smackx.bytestreams.socks5.InitiationListener.access$000(InitiationListener.java:37)
	at org.jivesoftware.smackx.bytestreams.socks5.InitiationListener$1.run(InitiationListener.java:63)
	at java.util.concurrent.ThreadPoolExecutor.runWorker(Unknown Source)
	at java.util.concurrent.ThreadPoolExecutor$Worker.run(Unknown Source)
	at java.lang.Thread.run(Unknown Source)
WARN  2016-05-08 22:48:13,033 (DataTransferManager.java:415) failed to connect to s153762@saros-con.imp.fu-berlin.de/Saros using transport: XMPP-Socks5-Transport
java.io.IOException: [SOCKS5Transport] waiting for a response session timed out (30000ms) and could not establish a connection from this side, too:
	at de.fu_berlin.inf.dpp.net.internal.Socks5Transport.establishBinaryChannel(Socks5Transport.java:592)
	at de.fu_berlin.inf.dpp.net.internal.ByteStreamTransport.connect(ByteStreamTransport.java:48)
	at de.fu_berlin.inf.dpp.net.internal.DataTransferManager.connectInternal(DataTransferManager.java:412)
	at de.fu_berlin.inf.dpp.net.internal.DataTransferManager.connect(DataTransferManager.java:297)
	at de.fu_berlin.inf.dpp.negotiation.IncomingSessionNegotiation.accept(IncomingSessionNegotiation.java:167)
	at de.fu_berlin.inf.dpp.ui.wizards.JoinSessionWizard$2.run(JoinSessionWizard.java:128)
	at org.eclipse.jface.operation.ModalContext$ModalContextThread.run(ModalContext.java:119)
Caused by: item-not-found(404) Could not establish socket with any provided host
	at org.jivesoftware.smack.util.SyncPacketSend.getReply(SyncPacketSend.java:54)
	at org.jivesoftware.smackx.bytestreams.socks5.Socks5BytestreamManager.establishSession(Socks5BytestreamManager.java:481)
	at org.jivesoftware.smackx.bytestreams.socks5.Socks5BytestreamManager.establishSession(Socks5BytestreamManager.java:83)
	at de.fu_berlin.inf.dpp.net.internal.Socks5Transport.establishBinaryChannel(Socks5Transport.java:512)
	... 6 more
WARN  2016-05-08 22:48:13,165 (SubscriptionHandler.java:148) received error presence package from saros_484139638@conference.saros-con.imp.fu-berlin.de/s153402@saros-con.imp.fu-berlin.de/Saros, condition: not-authorized, message: A password is required to enter this room
WARN  2016-05-08 22:48:26,471 (Socks5Transport.java:411) [SOCKS5Transport] Couldn't accept request but still trying to establish a response connection: Could not establish socket with any provided host
ERROR 2016-05-08 22:48:26,476 (Socks5Transport.java:440) An error occurred while establishing a response connection 
item-not-found(404) Could not establish socket with any provided host
	at org.jivesoftware.smack.util.SyncPacketSend.getReply(SyncPacketSend.java:54)
	at org.jivesoftware.smackx.bytestreams.socks5.Socks5BytestreamManager.establishSession(Socks5BytestreamManager.java:481)
	at org.jivesoftware.smackx.bytestreams.socks5.Socks5BytestreamManager.establishSession(Socks5BytestreamManager.java:83)
	at de.fu_berlin.inf.dpp.net.internal.Socks5Transport.establishResponseSession(Socks5Transport.java:631)
	at de.fu_berlin.inf.dpp.net.internal.Socks5Transport$1.call(Socks5Transport.java:108)
	at de.fu_berlin.inf.dpp.net.internal.Socks5Transport$1.call(Socks5Transport.java:1)
	at java.util.concurrent.FutureTask.run(Unknown Source)
	at java.util.concurrent.ThreadPoolExecutor.runWorker(Unknown Source)
	at java.util.concurrent.ThreadPoolExecutor$Worker.run(Unknown Source)
	at java.lang.Thread.run(Unknown Source)
ERROR 2016-05-08 22:48:26,481 (ByteStreamTransport.java:105) could not establish bytestream connection to s153762@saros-con.imp.fu-berlin.de/Saros
java.io.IOException: [SOCKS5Transport] Neither connection could be established. 
	at de.fu_berlin.inf.dpp.net.internal.Socks5Transport.acceptNewRequest(Socks5Transport.java:446)
	at de.fu_berlin.inf.dpp.net.internal.Socks5Transport.acceptRequest(Socks5Transport.java:474)
	at de.fu_berlin.inf.dpp.net.internal.ByteStreamTransport$1.incomingBytestreamRequest(ByteStreamTransport.java:77)
	at org.jivesoftware.smackx.bytestreams.socks5.InitiationListener.processRequest(InitiationListener.java:91)
	at org.jivesoftware.smackx.bytestreams.socks5.InitiationListener.access$000(InitiationListener.java:37)
	at org.jivesoftware.smackx.bytestreams.socks5.InitiationListener$1.run(InitiationListener.java:63)
	at java.util.concurrent.ThreadPoolExecutor.runWorker(Unknown Source)
	at java.util.concurrent.ThreadPoolExecutor$Worker.run(Unknown Source)
	at java.lang.Thread.run(Unknown Source)
ERROR 2016-05-08 22:56:59,226 (BinaryChannelConnection.java:115) [mode=IBB, id=saros-main-session] s153762@saros-con.imp.fu-berlin.de/Saros network error: Packets out of sequence
java.io.IOException: Packets out of sequence
	at org.jivesoftware.smackx.bytestreams.ibb.InBandBytestreamSession$IBBInputStream.loadBuffer(InBandBytestreamSession.java:373)
	at org.jivesoftware.smackx.bytestreams.ibb.InBandBytestreamSession$IBBInputStream.read(InBandBytestreamSession.java:310)
	at java.io.BufferedInputStream.fill(Unknown Source)
	at java.io.BufferedInputStream.read(Unknown Source)
	at java.io.DataInputStream.readUnsignedByte(Unknown Source)
	at de.fu_berlin.inf.dpp.net.internal.BinaryChannelConnection.readNextXMPPExtension(BinaryChannelConnection.java:347)
	at de.fu_berlin.inf.dpp.net.internal.BinaryChannelConnection.access$2(BinaryChannelConnection.java:343)
	at de.fu_berlin.inf.dpp.net.internal.BinaryChannelConnection$ReceiverThread.run(BinaryChannelConnection.java:106)
ERROR 2016-05-08 22:56:59,231 (DataTransferManager.java:270) failed to send TransferDescription [elementName=ulsups, namespace=de.fu_berlin.inf.dpp, recipient=s153762@saros-con.imp.fu-berlin.de/Saros, sender=s153402@saros-con.imp.fu-berlin.de/Saros, compress=true], connection=[mode=IBB, id=saros-main-session] s153762@saros-con.imp.fu-berlin.de/Saros:Error while closing stream: item-not-found(404)
java.io.IOException: Error while closing stream: item-not-found(404)
	at org.jivesoftware.smackx.bytestreams.ibb.InBandBytestreamSession.closeByLocal(InBandBytestreamSession.java:213)
	at org.jivesoftware.smackx.bytestreams.ibb.InBandBytestreamSession.close(InBandBytestreamSession.java:154)
	at org.jivesoftware.smackx.bytestreams.ibb.InBandBytestreamSession$IQIBBOutputStream.writeToXML(InBandBytestreamSession.java:768)
	at org.jivesoftware.smackx.bytestreams.ibb.InBandBytestreamSession$IBBOutputStream.flushBuffer(InBandBytestreamSession.java:707)
	at org.jivesoftware.smackx.bytestreams.ibb.InBandBytestreamSession$IBBOutputStream.flush(InBandBytestreamSession.java:691)
	at java.io.BufferedOutputStream.flush(Unknown Source)
	at java.io.DataOutputStream.flush(Unknown Source)
	at de.fu_berlin.inf.dpp.net.internal.BinaryChannelConnection.sendTransferDescription(BinaryChannelConnection.java:544)
	at de.fu_berlin.inf.dpp.net.internal.BinaryChannelConnection.send(BinaryChannelConnection.java:322)
	at de.fu_berlin.inf.dpp.net.internal.DataTransferManager.sendInternal(DataTransferManager.java:268)
	at de.fu_berlin.inf.dpp.net.internal.DataTransferManager.sendData(DataTransferManager.java:216)
	at de.fu_berlin.inf.dpp.net.internal.XMPPTransmitter.send(XMPPTransmitter.java:90)
	at de.fu_berlin.inf.dpp.project.internal.UserInformationHandler.sendUserListConfirmation(UserInformationHandler.java:349)
	at de.fu_berlin.inf.dpp.project.internal.UserInformationHandler.handleUserListUpdate(UserInformationHandler.java:343)
	at de.fu_berlin.inf.dpp.project.internal.UserInformationHandler.access$0(UserInformationHandler.java:286)
	at de.fu_berlin.inf.dpp.project.internal.UserInformationHandler$1.processPacket(UserInformationHandler.java:56)
	at de.fu_berlin.inf.dpp.net.internal.XMPPReceiver.forwardPacket(XMPPReceiver.java:144)
	at de.fu_berlin.inf.dpp.net.internal.XMPPReceiver.access$1(XMPPReceiver.java:133)
	at de.fu_berlin.inf.dpp.net.internal.XMPPReceiver$5.run(XMPPReceiver.java:123)
	at de.fu_berlin.inf.dpp.util.ThreadUtils$1.run(ThreadUtils.java:38)
	at java.util.concurrent.Executors$RunnableAdapter.call(Unknown Source)
	at java.util.concurrent.FutureTask.run(Unknown Source)
	at java.util.concurrent.ThreadPoolExecutor.runWorker(Unknown Source)
	at java.util.concurrent.ThreadPoolExecutor$Worker.run(Unknown Source)
	at java.lang.Thread.run(Unknown Source)
ERROR 2016-05-08 22:56:59,236 (UserInformationHandler.java:353) failed to send user list received confirmation to: s153762@saros-con.imp.fu-berlin.de/Saros
java.io.IOException: Error while closing stream: item-not-found(404)
	at org.jivesoftware.smackx.bytestreams.ibb.InBandBytestreamSession.closeByLocal(InBandBytestreamSession.java:213)
	at org.jivesoftware.smackx.bytestreams.ibb.InBandBytestreamSession.close(InBandBytestreamSession.java:154)
	at org.jivesoftware.smackx.bytestreams.ibb.InBandBytestreamSession$IQIBBOutputStream.writeToXML(InBandBytestreamSession.java:768)
	at org.jivesoftware.smackx.bytestreams.ibb.InBandBytestreamSession$IBBOutputStream.flushBuffer(InBandBytestreamSession.java:707)
	at org.jivesoftware.smackx.bytestreams.ibb.InBandBytestreamSession$IBBOutputStream.flush(InBandBytestreamSession.java:691)
	at java.io.BufferedOutputStream.flush(Unknown Source)
	at java.io.DataOutputStream.flush(Unknown Source)
	at de.fu_berlin.inf.dpp.net.internal.BinaryChannelConnection.sendTransferDescription(BinaryChannelConnection.java:544)
	at de.fu_berlin.inf.dpp.net.internal.BinaryChannelConnection.send(BinaryChannelConnection.java:322)
	at de.fu_berlin.inf.dpp.net.internal.DataTransferManager.sendInternal(DataTransferManager.java:268)
	at de.fu_berlin.inf.dpp.net.internal.DataTransferManager.sendData(DataTransferManager.java:216)
	at de.fu_berlin.inf.dpp.net.internal.XMPPTransmitter.send(XMPPTransmitter.java:90)
	at de.fu_berlin.inf.dpp.project.internal.UserInformationHandler.sendUserListConfirmation(UserInformationHandler.java:349)
	at de.fu_berlin.inf.dpp.project.internal.UserInformationHandler.handleUserListUpdate(UserInformationHandler.java:343)
	at de.fu_berlin.inf.dpp.project.internal.UserInformationHandler.access$0(UserInformationHandler.java:286)
	at de.fu_berlin.inf.dpp.project.internal.UserInformationHandler$1.processPacket(UserInformationHandler.java:56)
	at de.fu_berlin.inf.dpp.net.internal.XMPPReceiver.forwardPacket(XMPPReceiver.java:144)
	at de.fu_berlin.inf.dpp.net.internal.XMPPReceiver.access$1(XMPPReceiver.java:133)
	at de.fu_berlin.inf.dpp.net.internal.XMPPReceiver$5.run(XMPPReceiver.java:123)
	at de.fu_berlin.inf.dpp.util.ThreadUtils$1.run(ThreadUtils.java:38)
	at java.util.concurrent.Executors$RunnableAdapter.call(Unknown Source)
	at java.util.concurrent.FutureTask.run(Unknown Source)
	at java.util.concurrent.ThreadPoolExecutor.runWorker(Unknown Source)
	at java.util.concurrent.ThreadPoolExecutor$Worker.run(Unknown Source)
	at java.lang.Thread.run(Unknown Source)
ERROR 2016-05-08 22:56:59,981 (ActivitySequencer.java:504) failed to sent activities: [EditorActivity(type: SAVED, path: SPath [path=src/GUI/ShowActivityPanel.java, project=Softwarehuset2])]
java.io.IOException: not connected to s153762@saros-con.imp.fu-berlin.de/Saros [connection identifier=saros-main-session]
	at de.fu_berlin.inf.dpp.net.internal.DataTransferManager.sendData(DataTransferManager.java:206)
	at de.fu_berlin.inf.dpp.net.internal.XMPPTransmitter.send(XMPPTransmitter.java:90)
	at de.fu_berlin.inf.dpp.project.internal.ActivitySequencer.sendActivities(ActivitySequencer.java:501)
	at de.fu_berlin.inf.dpp.project.internal.ActivitySequencer.access$3(ActivitySequencer.java:482)
	at de.fu_berlin.inf.dpp.project.internal.ActivitySequencer$2.run(ActivitySequencer.java:152)
	at de.fu_berlin.inf.dpp.util.ThreadUtils$1.run(ThreadUtils.java:38)
	at java.lang.Thread.run(Unknown Source)
WARN  2016-05-08 22:57:00,012 (ActivitySequencer.java:391) cannot send activity to s153762@saros-con.imp.fu-berlin.de/Saros because it is currently not registers, dropped activity: EditorActivity(type: SAVED, path: SPath [path=src/GUI/EditActivityPanel.java, project=Softwarehuset2])
WARN  2016-05-08 22:57:00,163 (SarosSession.java:655) failed to notify user s153762@saros-con.imp.fu-berlin.de/Saros about local session stop
java.io.IOException: not connected to s153762@saros-con.imp.fu-berlin.de/Saros [connection identifier=saros-main-session]
	at de.fu_berlin.inf.dpp.net.internal.DataTransferManager.sendData(DataTransferManager.java:206)
	at de.fu_berlin.inf.dpp.net.internal.XMPPTransmitter.send(XMPPTransmitter.java:90)
	at de.fu_berlin.inf.dpp.project.internal.SarosSession.stop(SarosSession.java:651)
	at de.fu_berlin.inf.dpp.project.SarosSessionManager.stopSarosSession(SarosSessionManager.java:340)
	at de.fu_berlin.inf.dpp.project.internal.timeout.SessionTimeoutHandler$3.run(SessionTimeoutHandler.java:115)
	at de.fu_berlin.inf.dpp.util.ThreadUtils$1.run(ThreadUtils.java:38)
	at java.lang.Thread.run(Unknown Source)
WARN  2016-05-08 23:02:24,962 (Socks5Transport.java:544) [SOCKS5Transport] could not establish a connection to s153762@saros-con.imp.fu-berlin.de/Saros, remote side could not connect to any offered stream hosts: item-not-found(404) Could not establish socket with any provided host
ERROR 2016-05-08 23:02:25,102 (ByteStreamTransport.java:105) could not establish bytestream connection to s153762@saros-con.imp.fu-berlin.de/Saros
Could not establish socket with any provided host: item-not-found(404) Could not establish socket with any provided host
	at org.jivesoftware.smackx.bytestreams.socks5.Socks5BytestreamRequest.cancelRequest(Socks5BytestreamRequest.java:277)
	at org.jivesoftware.smackx.bytestreams.socks5.Socks5BytestreamRequest.accept(Socks5BytestreamRequest.java:247)
	at org.jivesoftware.smackx.bytestreams.socks5.Socks5BytestreamRequest.accept(Socks5BytestreamRequest.java:34)
	at de.fu_berlin.inf.dpp.net.internal.Socks5Transport.handleResponse(Socks5Transport.java:315)
	at de.fu_berlin.inf.dpp.net.internal.Socks5Transport.acceptRequest(Socks5Transport.java:471)
	at de.fu_berlin.inf.dpp.net.internal.ByteStreamTransport$1.incomingBytestreamRequest(ByteStreamTransport.java:77)
	at org.jivesoftware.smackx.bytestreams.socks5.InitiationListener.processRequest(InitiationListener.java:91)
	at org.jivesoftware.smackx.bytestreams.socks5.InitiationListener.access$000(InitiationListener.java:37)
	at org.jivesoftware.smackx.bytestreams.socks5.InitiationListener$1.run(InitiationListener.java:63)
	at java.util.concurrent.ThreadPoolExecutor.runWorker(Unknown Source)
	at java.util.concurrent.ThreadPoolExecutor$Worker.run(Unknown Source)
	at java.lang.Thread.run(Unknown Source)
WARN  2016-05-08 23:02:54,967 (DataTransferManager.java:415) failed to connect to s153762@saros-con.imp.fu-berlin.de/Saros using transport: XMPP-Socks5-Transport
java.io.IOException: [SOCKS5Transport] waiting for a response session timed out (30000ms) and could not establish a connection from this side, too:
	at de.fu_berlin.inf.dpp.net.internal.Socks5Transport.establishBinaryChannel(Socks5Transport.java:592)
	at de.fu_berlin.inf.dpp.net.internal.ByteStreamTransport.connect(ByteStreamTransport.java:48)
	at de.fu_berlin.inf.dpp.net.internal.DataTransferManager.connectInternal(DataTransferManager.java:412)
	at de.fu_berlin.inf.dpp.net.internal.DataTransferManager.connect(DataTransferManager.java:297)
	at de.fu_berlin.inf.dpp.negotiation.IncomingSessionNegotiation.accept(IncomingSessionNegotiation.java:167)
	at de.fu_berlin.inf.dpp.ui.wizards.JoinSessionWizard$2.run(JoinSessionWizard.java:128)
	at org.eclipse.jface.operation.ModalContext$ModalContextThread.run(ModalContext.java:119)
Caused by: item-not-found(404) Could not establish socket with any provided host
	at org.jivesoftware.smack.util.SyncPacketSend.getReply(SyncPacketSend.java:54)
	at org.jivesoftware.smackx.bytestreams.socks5.Socks5BytestreamManager.establishSession(Socks5BytestreamManager.java:481)
	at org.jivesoftware.smackx.bytestreams.socks5.Socks5BytestreamManager.establishSession(Socks5BytestreamManager.java:83)
	at de.fu_berlin.inf.dpp.net.internal.Socks5Transport.establishBinaryChannel(Socks5Transport.java:512)
	... 6 more
WARN  2016-05-08 23:02:55,095 (SubscriptionHandler.java:148) received error presence package from saros_754536077@conference.saros-con.imp.fu-berlin.de/s153402@saros-con.imp.fu-berlin.de/Saros, condition: not-authorized, message: A password is required to enter this room
WARN  2016-05-08 23:26:07,422 (SWTUtils.java:144) could not execute runnable de.fu_berlin.inf.dpp.ui.actions.RemoveUserAction$2$2@29c43168, UI thread is not available
StackTrace:
	at de.fu_berlin.inf.dpp.ui.util.SWTUtils.runSafeSWTAsync(SWTUtils.java:145)
	at de.fu_berlin.inf.dpp.ui.actions.RemoveUserAction$2.sessionEnding(RemoveUserAction.java:64)
	at de.fu_berlin.inf.dpp.project.SarosSessionManager.sessionEnding(SarosSessionManager.java:701)
	at de.fu_berlin.inf.dpp.project.SarosSessionManager.stopSarosSession(SarosSessionManager.java:335)
	at de.fu_berlin.inf.dpp.Saros$1.run(Saros.java:303)
	at de.fu_berlin.inf.dpp.util.ThreadUtils$1.run(ThreadUtils.java:38)
	at java.lang.Thread.run(Unknown Source)
WARN  2016-05-08 23:26:07,431 (SWTUtils.java:193) could not execute runnable de.fu_berlin.inf.dpp.editor.EditorManager$3$1@c98b873, UI thread is not available
StackTrace:
	at de.fu_berlin.inf.dpp.ui.util.SWTUtils.runSafeSWTSync(SWTUtils.java:194)
	at de.fu_berlin.inf.dpp.editor.EditorManager$3.execute(EditorManager.java:262)
	at de.fu_berlin.inf.dpp.editor.EditorManager$3.unblock(EditorManager.java:253)
	at de.fu_berlin.inf.dpp.synchronize.StopManager.lockSession(StopManager.java:408)
	at de.fu_berlin.inf.dpp.synchronize.StopManager.stop(StopManager.java:579)
	at sun.reflect.GeneratedMethodAccessor64.invoke(Unknown Source)
	at sun.reflect.DelegatingMethodAccessorImpl.invoke(Unknown Source)
	at java.lang.reflect.Method.invoke(Unknown Source)
	at org.picocontainer.lifecycle.StartableLifecycleStrategy.doLifecycleMethod(StartableLifecycleStrategy.java:101)
	at org.picocontainer.lifecycle.StartableLifecycleStrategy.stopComponent(StartableLifecycleStrategy.java:113)
	at org.picocontainer.lifecycle.StartableLifecycleStrategy.stop(StartableLifecycleStrategy.java:126)
	at org.picocontainer.injectors.AbstractInjectionFactory$LifecycleAdapter.stop(AbstractInjectionFactory.java:88)
	at org.picocontainer.behaviors.AbstractBehavior.stop(AbstractBehavior.java:179)
	at org.picocontainer.behaviors.Stored$RealComponentLifecycle.stop(Stored.java:141)
	at org.picocontainer.behaviors.Stored.stop(Stored.java:118)
	at org.picocontainer.DefaultPicoContainer.stopAdapters(DefaultPicoContainer.java:1036)
	at org.picocontainer.DefaultPicoContainer.stop(DefaultPicoContainer.java:791)
	at de.fu_berlin.inf.dpp.project.internal.SarosSession.stop(SarosSession.java:639)
	at de.fu_berlin.inf.dpp.project.SarosSessionManager.stopSarosSession(SarosSessionManager.java:340)
	at de.fu_berlin.inf.dpp.Saros$1.run(Saros.java:303)
	at de.fu_berlin.inf.dpp.util.ThreadUtils$1.run(ThreadUtils.java:38)
	at java.lang.Thread.run(Unknown Source)
WARN  2016-05-08 23:26:07,727 (SWTUtils.java:193) could not execute runnable de.fu_berlin.inf.dpp.editor.EditorManager$5$2@3615bb96, UI thread is not available
StackTrace:
	at de.fu_berlin.inf.dpp.ui.util.SWTUtils.runSafeSWTSync(SWTUtils.java:194)
	at de.fu_berlin.inf.dpp.editor.EditorManager$5.sessionEnded(EditorManager.java:358)
	at de.fu_berlin.inf.dpp.project.SarosSessionManager.sessionEnded(SarosSessionManager.java:711)
	at de.fu_berlin.inf.dpp.project.SarosSessionManager.stopSarosSession(SarosSessionManager.java:347)
	at de.fu_berlin.inf.dpp.Saros$1.run(Saros.java:303)
	at de.fu_berlin.inf.dpp.util.ThreadUtils$1.run(ThreadUtils.java:38)
	at java.lang.Thread.run(Unknown Source)
WARN  2016-05-08 23:26:07,734 (SWTUtils.java:144) could not execute runnable de.fu_berlin.inf.dpp.ui.views.SarosView$11@3a1aecb8, UI thread is not available
StackTrace:
	at de.fu_berlin.inf.dpp.ui.util.SWTUtils.runSafeSWTAsync(SWTUtils.java:145)
	at de.fu_berlin.inf.dpp.ui.views.SarosView.clearNotifications(SarosView.java:695)
	at de.fu_berlin.inf.dpp.ui.eventhandler.HostLeftAloneInSessionHandler$1.sessionEnded(HostLeftAloneInSessionHandler.java:46)
	at de.fu_berlin.inf.dpp.project.SarosSessionManager.sessionEnded(SarosSessionManager.java:711)
	at de.fu_berlin.inf.dpp.project.SarosSessionManager.stopSarosSession(SarosSessionManager.java:347)
	at de.fu_berlin.inf.dpp.Saros$1.run(Saros.java:303)
	at de.fu_berlin.inf.dpp.util.ThreadUtils$1.run(ThreadUtils.java:38)
	at java.lang.Thread.run(Unknown Source)
ERROR 2016-05-08 23:26:07,799 (BinaryChannelConnection.java:176) failed to gracefully close connection [mode=IBB, id=default] s153762@saros-con.imp.fu-berlin.de/Saros
java.io.IOException: Error while closing stream: item-not-found(404)
	at org.jivesoftware.smackx.bytestreams.ibb.InBandBytestreamSession.closeByLocal(InBandBytestreamSession.java:213)
	at org.jivesoftware.smackx.bytestreams.ibb.InBandBytestreamSession.close(InBandBytestreamSession.java:154)
	at de.fu_berlin.inf.dpp.net.internal.XMPPByteStreamAdapter.close(XMPPByteStreamAdapter.java:32)
	at de.fu_berlin.inf.dpp.net.internal.BinaryChannelConnection.close(BinaryChannelConnection.java:174)
	at de.fu_berlin.inf.dpp.net.internal.ConnectionPool.close(ConnectionPool.java:50)
	at de.fu_berlin.inf.dpp.net.internal.DataTransferManager.disposeConnection(DataTransferManager.java:510)
	at de.fu_berlin.inf.dpp.net.internal.DataTransferManager.connectionStateChanged(DataTransferManager.java:520)
	at de.fu_berlin.inf.dpp.net.xmpp.XMPPConnectionService.setConnectionState(XMPPConnectionService.java:405)
	at de.fu_berlin.inf.dpp.net.xmpp.XMPPConnectionService.disconnect(XMPPConnectionService.java:304)
	at de.fu_berlin.inf.dpp.communication.connection.ConnectionHandler.disconnectXMPPInternal(ConnectionHandler.java:225)
	at de.fu_berlin.inf.dpp.communication.connection.ConnectionHandler.disconnect(ConnectionHandler.java:211)
	at de.fu_berlin.inf.dpp.Saros$1.run(Saros.java:304)
	at de.fu_berlin.inf.dpp.util.ThreadUtils$1.run(ThreadUtils.java:38)
	at java.lang.Thread.run(Unknown Source)
